<?xml version="1.0" encoding="UTF-8"?>
<!-- Generated by org.testng.reporters.JUnitReportReporter -->
<testsuite hostname="DESKTOP-G39F81O" failures="0" tests="3" name="testcases.OfferRideTC2" time="15.644" errors="0" timestamp="2024-05-31T13:57:14 IST" skipped="0">
  <testcase classname="testcases.OfferRideTC2" name="loginTest" time="3.883"/>
  <testcase classname="testcases.OfferRideTC2" name="offerRide2Test" time="8.061"/>
  <testcase classname="testcases.OfferRideTC2" name="offerRide1Test" time="3.700"/>
</testsuite> <!-- testcases.OfferRideTC2 -->
