<?xml version="1.0" encoding="UTF-8"?>
<!-- Generated by org.testng.reporters.JUnitReportReporter -->
<testsuite hostname="DESKTOP-G39F81O" failures="0" tests="2" name="testcases.FindARideTC" time="12.332" errors="0" timestamp="2024-06-13T06:53:59 IST" skipped="0">
  <testcase classname="testcases.FindARideTC" name="findRideTest" time="8.158"/>
  <testcase classname="testcases.FindARideTC" name="loginTest" time="4.174"/>
</testsuite> <!-- testcases.FindARideTC -->
