<?xml version="1.0" encoding="UTF-8"?>
<!-- Generated by org.testng.reporters.JUnitReportReporter -->
<testsuite hostname="DESKTOP-G39F81O" failures="0" tests="1" name="testcases.LoginTC" time="5.881" errors="0" timestamp="2024-06-13T06:53:59 IST" skipped="0">
  <testcase classname="testcases.LoginTC" name="loginTest" time="5.881"/>
</testsuite> <!-- testcases.LoginTC -->
