<?xml version="1.0" encoding="UTF-8"?>
<!-- Generated by org.testng.reporters.JUnitReportReporter -->
<testsuite hostname="DESKTOP-G39F81O" failures="0" tests="1" name="testcases.LoginTC" time="4.189" errors="0" timestamp="2024-05-31T13:57:14 IST" skipped="0">
  <testcase classname="testcases.LoginTC" name="loginTest" time="4.189"/>
</testsuite> <!-- testcases.LoginTC -->
