<?xml version="1.0" encoding="UTF-8"?>
<!-- Generated by org.testng.reporters.JUnitReportReporter -->
<testsuite hostname="DESKTOP-G39F81O" failures="0" tests="2" name="testcases.OfferRideTC1" time="8.013" errors="0" timestamp="2024-05-31T13:57:14 IST" skipped="0">
  <testcase classname="testcases.OfferRideTC1" name="loginTest" time="3.786"/>
  <testcase classname="testcases.OfferRideTC1" name="offerRide1Test" time="4.227"/>
</testsuite> <!-- testcases.OfferRideTC1 -->
