<?xml version="1.0" encoding="UTF-8"?>
<!-- Generated by org.testng.reporters.JUnitReportReporter -->
<testsuite hostname="DESKTOP-G39F81O" failures="0" tests="2" name="testcases.FindARideTC" time="8.426" errors="0" timestamp="2024-05-31T13:57:14 IST" skipped="0">
  <testcase classname="testcases.FindARideTC" name="findRideTest" time="4.710"/>
  <testcase classname="testcases.FindARideTC" name="loginTest" time="3.716"/>
</testsuite> <!-- testcases.FindARideTC -->
