<?xml version="1.0" encoding="UTF-8"?>
<!-- Generated by org.testng.reporters.JUnitReportReporter -->
<testsuite hostname="DESKTOP-G39F81O" failures="0" tests="2" name="testcases.OfferRideTC1" time="9.125" errors="0" timestamp="2024-06-13T06:53:59 IST" skipped="0">
  <testcase classname="testcases.OfferRideTC1" name="loginTest" time="4.007"/>
  <testcase classname="testcases.OfferRideTC1" name="offerRide1Test" time="5.118"/>
</testsuite> <!-- testcases.OfferRideTC1 -->
