<?xml version="1.0" encoding="UTF-8"?>
<!-- Generated by org.testng.reporters.JUnitReportReporter -->
<testsuite hostname="DESKTOP-G39F81O" failures="0" tests="2" name="testcases.OfferRideTC" time="93.029" errors="0" timestamp="2024-05-25T17:29:33 IST" skipped="0">
  <testcase classname="testcases.OfferRideTC" name="LoginTest" time="83.461"/>
  <testcase classname="testcases.OfferRideTC" name="offerRideTest" time="9.568"/>
</testsuite> <!-- testcases.OfferRideTC -->
